<?xml version="1.0" encoding="UTF-8"?>
<!-- Generated by org.testng.reporters.JUnitReportReporter -->
<testsuite hostname="user-PC" name="com.camera.test.CameraTest" tests="1" failures="0" timestamp="1 Dec 2015 11:44:25 GMT" time="149.622" errors="0">
  <testcase name="f" time="149.622" classname="com.camera.test.CameraTest"/>
</testsuite> <!-- com.camera.test.CameraTest -->
